<?xml version="1.0" encoding="utf-8"?><testsuites name="pytest tests"><testsuite name="pytest" errors="0" failures="0" skipped="0" tests="15" time="4.863" timestamp="2026-03-24T11:48:35.647212+00:00" hostname="agent-env-ba8a8fb1-8160-42b7-9266-adfaa462518a"><testcase classname="backend.tests.test_nurseready_fixes.TestGlobalSearch" name="test_global_search_finds_paracetamol" time="0.157" /><testcase classname="backend.tests.test_nurseready_fixes.TestGlobalSearch" name="test_global_search_finds_heart_in_body_systems" time="0.121" /><testcase classname="backend.tests.test_nurseready_fixes.TestGlobalSearch" name="test_global_search_finds_isbar_in_communication" time="0.122" /><testcase classname="backend.tests.test_nurseready_fixes.TestDrugSearch" name="test_drug_search_paracetamol_returns_results" time="0.568" /><testcase classname="backend.tests.test_nurseready_fixes.TestDrugSearch" name="test_drug_search_paracetamol_first_result_is_single_ingredient" time="0.517" /><testcase classname="backend.tests.test_nurseready_fixes.TestDrugSearch" name="test_drug_search_no_duplicate_results" time="0.566" /><testcase classname="backend.tests.test_nurseready_fixes.TestDrugSearch" name="test_drug_search_shows_australian_name_format" time="0.571" /><testcase classname="backend.tests.test_nurseready_fixes.TestCommunicationEndpoint" name="test_communication_endpoint_returns_guides" time="0.133" /><testcase classname="backend.tests.test_nurseready_fixes.TestCommunicationEndpoint" name="test_communication_has_isbar_guide" time="0.098" /><testcase classname="backend.tests.test_nurseready_fixes.TestCommunicationEndpoint" name="test_isbar_has_sections_with_examples" time="0.097" /><testcase classname="backend.tests.test_nurseready_fixes.TestCommunicationEndpoint" name="test_communication_has_sbar_guide" time="0.106" /><testcase classname="backend.tests.test_nurseready_fixes.TestHomepageRecentlyViewed" name="test_categories_endpoint_works" time="0.093" /><testcase classname="backend.tests.test_nurseready_fixes.TestHomepageRecentlyViewed" name="test_recent_endpoint_exists" time="0.095" /><testcase classname="backend.tests.test_nurseready_fixes.TestDrugSearchURLParam" name="test_drug_search_with_metformin" time="0.900" /><testcase classname="backend.tests.test_nurseready_fixes.TestDrugSearchURLParam" name="test_drug_search_with_salbutamol" time="0.667" /></testsuite></testsuites>